<?xml version="1.0" encoding="UTF-8"?>
<!-- Generated by org.testng.reporters.JUnitReportReporter -->
<testsuite hostname="DESKTOP-9RG7NDH" failures="0" tests="1" name="fancode.tests.TestRunner" time="4.830" errors="0" timestamp="2024-09-29T11:17:52 IST" skipped="0">
  <testcase classname="fancode.tests.TestRunner" name="runScenario" time="4.830"/>
  <system-out/>
</testsuite> <!-- fancode.tests.TestRunner -->
